<?xml version="1.0" encoding="UTF-8"?>
<testsuite xmlns:xsi="http://www.w3.org/2001/XMLSchema-instance" xsi:noNamespaceSchemaLocation="https://maven.apache.org/surefire/maven-surefire-plugin/xsd/surefire-test-report.xsd" name="com.adactin.runner.CucumberRunner" time="40.66" tests="51" errors="0" skipped="0" failures="0">
  <properties>
[...]
</properties>
  <testcase name="Given the user is logged in the application" classname="| Prabhuvenkat | prabhu9619 |" time="0.016"/>
  <testcase name="Then goes to landing page" classname="| Prabhuvenkat | prabhu9619 |" time="0"/>
  <testcase name="When user enter application url" classname="| Prabhuvenkat | prabhu9619 |" time="0"/>
  <testcase name="And user enter &quot;Prabhuvenkat&quot; as username" classname="| Prabhuvenkat | prabhu9619 |" time="0"/>
  <testcase name="And user enter &quot;prabhu9619&quot; as password" classname="| Prabhuvenkat | prabhu9619 |" time="0"/>
  <testcase name="Then user verify the username in the homepage" classname="| Prabhuvenkat | prabhu9619 |" time="0"/>
  <testcase name="| Prabhuvenkat | prabhu9619 |" classname="| Prabhuvenkat | prabhu9619 |" time="0.002"/>
  <testcase name="Given the user is logged in the application" classname="| Mahamilky | hari.9500 |" time="0"/>
  <testcase name="Then goes to landing page" classname="| Mahamilky | hari.9500 |" time="0"/>
  <testcase name="When user enter application url" classname="| Mahamilky | hari.9500 |" time="0"/>
  <testcase name="And user enter &quot;Mahamilky&quot; as username" classname="| Mahamilky | hari.9500 |" time="0"/>
  <testcase name="And user enter &quot;hari.9500&quot; as password" classname="| Mahamilky | hari.9500 |" time="0"/>
  <testcase name="Then user verify the username in the homepage" classname="| Mahamilky | hari.9500 |" time="0"/>
  <testcase name="| Mahamilky | hari.9500 |" classname="| Mahamilky | hari.9500 |" time="0.005"/>
  <testcase name="Given the user is logged in the application" classname="| anuamu04 | 9003881833 |" time="0"/>
  <testcase name="Then goes to landing page" classname="| anuamu04 | 9003881833 |" time="0"/>
  <testcase name="When user enter application url" classname="| anuamu04 | 9003881833 |" time="0"/>
  <testcase name="And user enter &quot;anuamu04&quot; as username" classname="| anuamu04 | 9003881833 |" time="0.001"/>
  <testcase name="And user enter &quot;9003881833&quot; as password" classname="| anuamu04 | 9003881833 |" time="0"/>
  <testcase name="Then user verify the username in the homepage" classname="| anuamu04 | 9003881833 |" time="0"/>
  <testcase name="| anuamu04 | 9003881833 |" classname="| anuamu04 | 9003881833 |" time="0.008"/>
  <testcase name="Given the user is logged in the application" classname="Scenario: Successfull select SearchHotel into the adactin application with valid credential" time="0"/>
  <testcase name="Then goes to landing page" classname="Scenario: Successfull select SearchHotel into the adactin application with valid credential" time="0"/>
  <testcase name="When user enter valid location" classname="Scenario: Successfull select SearchHotel into the adactin application with valid credential" time="0"/>
  <testcase name="And user enter valid hotel" classname="Scenario: Successfull select SearchHotel into the adactin application with valid credential" time="0"/>
  <testcase name="And user enter valid roomtype" classname="Scenario: Successfull select SearchHotel into the adactin application with valid credential" time="0.001"/>
  <testcase name="And user enter valid norooms" classname="Scenario: Successfull select SearchHotel into the adactin application with valid credential" time="0"/>
  <testcase name="And user enter valid checkin" classname="Scenario: Successfull select SearchHotel into the adactin application with valid credential" time="0"/>
  <testcase name="And user enter valid checkout" classname="Scenario: Successfull select SearchHotel into the adactin application with valid credential" time="0"/>
  <testcase name="And user enter valid adultroom" classname="Scenario: Successfull select SearchHotel into the adactin application with valid credential" time="0"/>
  <testcase name="And user enter valid children" classname="Scenario: Successfull select SearchHotel into the adactin application with valid credential" time="0.001"/>
  <testcase name="Then user select valid selectbtn" classname="Scenario: Successfull select SearchHotel into the adactin application with valid credential" time="0.001"/>
  <testcase name="Scenario: Successfull select SearchHotel into the adactin application with valid credential" classname="Scenario: Successfull select SearchHotel into the adactin application with valid credential" time="0.002"/>
  <testcase name="Given the user is logged in the application" classname="Scenario: Successfull select BookingPage into the adactin application with valid credential" time="0"/>
  <testcase name="Then goes to landing page" classname="Scenario: Successfull select BookingPage into the adactin application with valid credential" time="0"/>
  <testcase name="When user select valid selectbn" classname="Scenario: Successfull select BookingPage into the adactin application with valid credential" time="0"/>
  <testcase name="Then user verify the click the selecthotelpage" classname="Scenario: Successfull select BookingPage into the adactin application with valid credential" time="0"/>
  <testcase name="Scenario: Successfull select BookingPage into the adactin application with valid credential" classname="Scenario: Successfull select BookingPage into the adactin application with valid credential" time="0.002"/>
  <testcase name="Given the user is logged in the application" classname="Scenario: Successfull select ConfirmationPage into the adactin application with valid credential" time="0"/>
  <testcase name="Then goes to landing page" classname="Scenario: Successfull select ConfirmationPage into the adactin application with valid credential" time="0"/>
  <testcase name="When user enter valid firstname" classname="Scenario: Successfull select ConfirmationPage into the adactin application with valid credential" time="0"/>
  <testcase name="And user enter valid Lastname" classname="Scenario: Successfull select ConfirmationPage into the adactin application with valid credential" time="0"/>
  <testcase name="And user enter valid Address" classname="Scenario: Successfull select ConfirmationPage into the adactin application with valid credential" time="0"/>
  <testcase name="And user enter valid Creditno" classname="Scenario: Successfull select ConfirmationPage into the adactin application with valid credential" time="0"/>
  <testcase name="And user enter valid Cardtype" classname="Scenario: Successfull select ConfirmationPage into the adactin application with valid credential" time="0"/>
  <testcase name="And user enter valid Selectmonth" classname="Scenario: Successfull select ConfirmationPage into the adactin application with valid credential" time="0"/>
  <testcase name="And user enter valid Selectyear" classname="Scenario: Successfull select ConfirmationPage into the adactin application with valid credential" time="0"/>
  <testcase name="And user enter valid Ccvno" classname="Scenario: Successfull select ConfirmationPage into the adactin application with valid credential" time="0.001"/>
  <testcase name="And user verify the booknow in the Paymentpage" classname="Scenario: Successfull select ConfirmationPage into the adactin application with valid credential" time="0"/>
  <testcase name="Then user click the logoutbtn" classname="Scenario: Successfull select ConfirmationPage into the adactin application with valid credential" time="0"/>
  <testcase name="Scenario: Successfull select ConfirmationPage into the adactin application with valid credential" classname="Scenario: Successfull select ConfirmationPage into the adactin application with valid credential" time="0.001"/>
</testsuite>